TN:
SF:server/handlers/combatHandler.js
FNF:0
FNH:0
DA:5,13
DA:7,13
LF:2
LH:2
BRF:0
BRH:0
end_of_record
TN:
SF:server/handlers/combat/basicAttack.js
FN:23,registerBasicAttackHandlers
FN:24,(anonymous_1)
FN:65,(anonymous_2)
FN:72,(anonymous_3)
FN:85,(anonymous_4)
FNF:5
FNH:1
FNDA:13,registerBasicAttackHandlers
FNDA:0,(anonymous_1)
FNDA:0,(anonymous_2)
FNDA:0,(anonymous_3)
FNDA:0,(anonymous_4)
DA:4,13
DA:10,13
DA:11,13
DA:16,13
DA:24,13
DA:26,0
DA:27,0
DA:30,0
DA:31,0
DA:32,0
DA:35,0
DA:36,0
DA:39,0
DA:40,0
DA:42,0
DA:43,0
DA:47,0
DA:55,0
DA:65,0
DA:66,0
DA:72,0
DA:73,0
DA:76,0
DA:85,0
DA:86,0
DA:90,0
DA:91,0
DA:96,0
DA:100,13
LF:29
LH:6
BRDA:26,0,0,0
BRDA:26,0,1,0
BRDA:31,1,0,0
BRDA:31,1,1,0
BRDA:32,2,0,0
BRDA:32,2,1,0
BRDA:39,3,0,0
BRDA:39,3,1,0
BRDA:39,4,0,0
BRDA:39,4,1,0
BRDA:42,5,0,0
BRDA:42,5,1,0
BRDA:42,6,0,0
BRDA:42,6,1,0
BRDA:90,7,0,0
BRDA:90,7,1,0
BRF:16
BRH:0
end_of_record
TN:
SF:server/handlers/combat/damageProcessor.js
FN:27,processAreaDamageToPlayers
FN:40,(anonymous_1)
FN:91,processAreaDamageToDummies
FN:103,(anonymous_3)
FN:153,broadcastDamageEvents
FN:167,(anonymous_5)
FNF:6
FNH:6
FNDA:8,processAreaDamageToPlayers
FNDA:7,(anonymous_1)
FNDA:4,processAreaDamageToDummies
FNDA:3,(anonymous_3)
FNDA:5,broadcastDamageEvents
FNDA:2,(anonymous_5)
DA:5,30
DA:10,30
DA:11,30
DA:12,30
DA:37,8
DA:38,8
DA:40,8
DA:41,7
DA:42,6
DA:44,5
DA:46,5
DA:47,4
DA:49,4
DA:50,4
DA:52,4
DA:53,3
DA:54,3
DA:55,3
DA:56,3
DA:57,3
DA:58,3
DA:61,4
DA:71,4
DA:75,8
DA:101,4
DA:103,4
DA:104,3
DA:106,2
DA:108,2
DA:109,2
DA:111,2
DA:112,2
DA:114,2
DA:115,2
DA:116,2
DA:117,2
DA:118,2
DA:119,2
DA:120,2
DA:123,2
DA:133,2
DA:134,1
DA:139,4
DA:157,5
DA:159,5
DA:160,2
DA:166,5
DA:167,1
DA:168,2
DA:176,5
DA:177,2
DA:184,30
LF:52
LH:52
BRDA:34,0,0,6
BRDA:41,1,0,1
BRDA:41,1,1,6
BRDA:42,2,0,1
BRDA:42,2,1,5
BRDA:46,3,0,4
BRDA:46,3,1,1
BRDA:52,4,0,3
BRDA:52,4,1,1
BRDA:53,5,0,3
BRDA:53,5,1,2
BRDA:97,6,0,4
BRDA:99,7,0,4
BRDA:104,8,0,1
BRDA:104,8,1,2
BRDA:108,9,0,2
BRDA:108,9,1,0
BRDA:114,10,0,2
BRDA:114,10,1,0
BRDA:115,11,0,2
BRDA:115,11,1,2
BRDA:133,12,0,1
BRDA:133,12,1,1
BRDA:153,13,0,4
BRDA:155,14,0,4
BRDA:156,15,0,4
BRDA:159,16,0,2
BRDA:159,16,1,3
BRDA:166,17,0,1
BRDA:166,17,1,4
BRDA:176,18,0,2
BRDA:176,18,1,3
BRF:32
BRH:30
end_of_record
TN:
SF:server/handlers/combat/index.js
FN:15,registerCombatHandlers
FNF:1
FNH:1
FNDA:13,registerCombatHandlers
DA:5,13
DA:6,13
DA:7,13
DA:8,13
DA:16,13
DA:17,13
DA:18,13
DA:19,13
DA:22,13
LF:9
LH:9
BRF:0
BRH:0
end_of_record
TN:
SF:server/handlers/combat/laserHandler.js
FN:25,processLaserDamage
FN:32,(anonymous_1)
FN:63,(anonymous_2)
FN:100,registerLaserHandlers
FN:102,(anonymous_4)
FN:130,(anonymous_5)
FN:187,(anonymous_6)
FNF:7
FNH:2
FNDA:0,processLaserDamage
FNDA:0,(anonymous_1)
FNDA:0,(anonymous_2)
FNDA:13,registerLaserHandlers
FNDA:7,(anonymous_4)
FNDA:0,(anonymous_5)
FNDA:0,(anonymous_6)
DA:4,13
DA:10,13
DA:16,13
DA:17,13
DA:18,13
DA:26,0
DA:27,0
DA:29,0
DA:30,0
DA:32,0
DA:33,0
DA:34,0
DA:36,0
DA:37,0
DA:39,0
DA:40,0
DA:41,0
DA:43,0
DA:53,0
DA:55,0
DA:56,0
DA:61,0
DA:63,0
DA:64,0
DA:66,0
DA:67,0
DA:69,0
DA:70,0
DA:71,0
DA:73,0
DA:83,0
DA:85,0
DA:86,0
DA:87,0
DA:92,0
DA:102,13
DA:103,7
DA:104,7
DA:107,6
DA:108,0
DA:109,0
DA:113,6
DA:114,6
DA:115,3
DA:116,3
DA:120,3
DA:130,13
DA:131,0
DA:132,0
DA:133,0
DA:136,0
DA:138,0
DA:139,0
DA:143,0
DA:144,0
DA:147,0
DA:148,0
DA:149,0
DA:151,0
DA:152,0
DA:153,0
DA:154,0
DA:158,0
DA:159,0
DA:162,0
DA:165,0
DA:171,0
DA:179,0
DA:180,0
DA:186,0
DA:187,0
DA:188,0
DA:196,0
DA:197,0
DA:205,13
LF:75
LH:16
BRDA:33,0,0,0
BRDA:33,0,1,0
BRDA:34,1,0,0
BRDA:34,1,1,0
BRDA:36,2,0,0
BRDA:36,2,1,0
BRDA:55,3,0,0
BRDA:55,3,1,0
BRDA:64,4,0,0
BRDA:64,4,1,0
BRDA:66,5,0,0
BRDA:66,5,1,0
BRDA:85,6,0,0
BRDA:85,6,1,0
BRDA:104,7,0,1
BRDA:104,7,1,6
BRDA:107,8,0,0
BRDA:107,8,1,6
BRDA:107,9,0,6
BRDA:107,9,1,6
BRDA:114,10,0,3
BRDA:114,10,1,3
BRDA:114,11,0,6
BRDA:114,11,1,4
BRDA:132,12,0,0
BRDA:132,12,1,0
BRDA:133,13,0,0
BRDA:133,13,1,0
BRDA:136,14,0,0
BRDA:136,14,1,0
BRDA:136,15,0,0
BRDA:136,15,1,0
BRDA:136,15,2,0
BRDA:136,15,3,0
BRDA:151,16,0,0
BRDA:151,16,1,0
BRDA:158,17,0,0
BRDA:158,17,1,0
BRDA:158,18,0,0
BRDA:158,18,1,0
BRDA:179,19,0,0
BRDA:179,19,1,0
BRDA:186,20,0,0
BRDA:186,20,1,0
BRDA:196,21,0,0
BRDA:196,21,1,0
BRF:46
BRH:9
end_of_record
TN:
SF:server/handlers/combat/telepathyHandler.js
FN:21,registerTelepathyHandlers
FN:23,(anonymous_1)
FN:37,(anonymous_2)
FN:72,(anonymous_3)
FN:100,(anonymous_4)
FN:134,(anonymous_5)
FNF:6
FNH:3
FNDA:13,registerTelepathyHandlers
FNDA:0,(anonymous_1)
FNDA:6,(anonymous_2)
FNDA:5,(anonymous_3)
FNDA:0,(anonymous_4)
FNDA:0,(anonymous_5)
DA:4,13
DA:11,13
DA:12,13
DA:13,13
DA:14,13
DA:23,13
DA:24,0
DA:25,0
DA:28,0
DA:37,13
DA:38,6
DA:39,6
DA:40,6
DA:43,6
DA:44,6
DA:45,6
DA:48,6
DA:49,2
DA:50,2
DA:53,4
DA:56,4
DA:57,4
DA:60,4
DA:61,0
DA:63,4
DA:64,0
DA:67,4
DA:68,4
DA:69,4
DA:72,4
DA:73,5
DA:74,1
DA:76,1
DA:78,1
DA:79,1
DA:80,1
DA:82,1
DA:92,1
DA:97,4
DA:98,4
DA:100,4
DA:101,0
DA:103,0
DA:105,0
DA:106,0
DA:107,0
DA:109,0
DA:119,0
DA:120,0
DA:126,4
DA:127,1
DA:133,4
DA:134,0
DA:135,0
DA:143,4
DA:144,0
DA:151,4
DA:152,4
DA:153,1
DA:155,1
DA:164,13
LF:61
LH:45
BRDA:25,0,0,0
BRDA:25,0,1,0
BRDA:39,1,0,0
BRDA:39,1,1,6
BRDA:40,2,0,0
BRDA:40,2,1,6
BRDA:44,3,0,6
BRDA:44,3,1,2
BRDA:48,4,0,2
BRDA:48,4,1,4
BRDA:48,5,0,6
BRDA:48,5,1,4
BRDA:60,6,0,0
BRDA:60,6,1,4
BRDA:60,7,0,4
BRDA:60,7,1,0
BRDA:63,8,0,0
BRDA:63,8,1,4
BRDA:63,9,0,4
BRDA:63,9,1,0
BRDA:73,10,0,4
BRDA:73,10,1,1
BRDA:74,11,0,0
BRDA:74,11,1,1
BRDA:78,12,0,1
BRDA:78,12,1,0
BRDA:101,13,0,0
BRDA:101,13,1,0
BRDA:105,14,0,0
BRDA:105,14,1,0
BRDA:119,15,0,0
BRDA:119,15,1,0
BRDA:126,16,0,1
BRDA:126,16,1,3
BRDA:133,17,0,0
BRDA:133,17,1,4
BRDA:143,18,0,0
BRDA:143,18,1,4
BRDA:152,19,0,1
BRDA:152,19,1,3
BRF:40
BRH:22
end_of_record
TN:
SF:server/handlers/combat/teleportHandler.js
FN:28,registerTeleportHandlers
FN:30,(anonymous_1)
FN:79,(anonymous_2)
FNF:3
FNH:1
FNDA:13,registerTeleportHandlers
FNDA:0,(anonymous_1)
FNDA:0,(anonymous_2)
DA:4,13
DA:10,13
DA:15,13
DA:16,13
DA:21,13
DA:30,13
DA:31,0
DA:32,0
DA:33,0
DA:36,0
DA:38,0
DA:39,0
DA:43,0
DA:44,0
DA:46,0
DA:47,0
DA:50,0
DA:51,0
DA:52,0
DA:54,0
DA:55,0
DA:56,0
DA:60,0
DA:61,0
DA:62,0
DA:65,0
DA:74,0
DA:75,0
DA:79,13
DA:80,0
DA:81,0
DA:82,0
DA:85,0
DA:86,0
DA:89,0
DA:90,0
DA:92,0
DA:93,0
DA:97,0
DA:106,0
DA:115,0
DA:119,13
LF:42
LH:8
BRDA:32,0,0,0
BRDA:32,0,1,0
BRDA:33,1,0,0
BRDA:33,1,1,0
BRDA:36,2,0,0
BRDA:36,2,1,0
BRDA:36,3,0,0
BRDA:36,3,1,0
BRDA:36,3,2,0
BRDA:36,3,3,0
BRDA:51,4,0,0
BRDA:51,4,1,0
BRDA:81,5,0,0
BRDA:81,5,1,0
BRDA:82,6,0,0
BRDA:82,6,1,0
BRDA:89,7,0,0
BRDA:89,7,1,0
BRDA:89,8,0,0
BRDA:89,8,1,0
BRDA:92,9,0,0
BRDA:92,9,1,0
BRDA:92,10,0,0
BRDA:92,10,1,0
BRF:24
BRH:0
end_of_record
TN:
SF:shared/combat.js
FN:15,checkAndHandleDeath
FNF:1
FNH:1
FNDA:10,checkAndHandleDeath
DA:17,10
DA:18,2
DA:22,8
DA:23,3
DA:27,5
DA:28,5
DA:30,5
DA:36,5
DA:39,14
LF:9
LH:9
BRDA:17,0,0,2
BRDA:17,0,1,8
BRDA:22,1,0,3
BRDA:22,1,1,5
BRF:4
BRH:4
end_of_record
TN:
SF:shared/geometry.js
FN:14,calculateDistance
FN:32,lineCircleIntersect
FNF:2
FNH:2
FNDA:9,calculateDistance
FNDA:11,lineCircleIntersect
DA:15,9
DA:16,9
DA:17,9
DA:34,11
DA:35,11
DA:36,11
DA:37,11
DA:39,11
DA:40,11
DA:41,11
DA:44,11
DA:46,2
DA:49,9
DA:50,9
DA:53,8
DA:54,8
DA:55,8
DA:58,8
DA:61,1
LF:19
LH:19
BRDA:44,0,0,2
BRDA:44,0,1,9
BRDA:50,1,0,1
BRDA:50,1,1,8
BRDA:58,2,0,8
BRDA:58,2,1,6
BRDA:58,2,2,3
BRDA:58,2,3,2
BRF:8
BRH:8
end_of_record
